[trineksgroup.com/index.html]
[backblue.gif]
[fade.gif]
[index.html]
[trineksgroup.com/manifest.webmanifest]
[img1.wsimg.com/isteam/ip/86e9415a-8e94-4ab8-b9dd-3ce3141ddc41/blob-7a5a2d2.png]
[trineksgroup.com/sw.js]
[trineksgroup.com/rigid-line-components.html]
[trineksgroup.com/rf-coaxial-switches.html]
[trineksgroup.com/coaxial-u-link-switches.html]
[trineksgroup.com/adapters.html]
[trineksgroup.com/19_-control-panels.html]
[trineksgroup.com/coaxial-matrix-systems.html]
[trineksgroup.com/downloads.html]
[trineksgroup.com/videos.html]
[trineksgroup.com/gallery.html]
[trineksgroup.com/about-us.html]
[trineksgroup.com/contact.html]
[trineksgroup.com/privacy-policy.html]
[img1.wsimg.com/blobby/go/86e9415a-8e94-4ab8-b9dd-3ce3141ddc41/gpub/226a278b16836bd2/script.js]
[trineksgroup.com/index.html]
[img1.wsimg.com/blobby/go/86e9415a-8e94-4ab8-b9dd-3ce3141ddc41/gpub/dda7dc13435bdfda/script.js]
[trineksgroup.com/rigid-line-components.html]
[img1.wsimg.com/blobby/go/86e9415a-8e94-4ab8-b9dd-3ce3141ddc41/gpub/607d06eabc92f710/script.js]
[img1.wsimg.com/blobby/go/86e9415a-8e94-4ab8-b9dd-3ce3141ddc41/gpub/8d1fe88298268ae8/script.js]
[trineksgroup.com/rf-coaxial-switches.html]
[img1.wsimg.com/signals/js/clients/scc-c2/scc-c2.min.js]
[img1.wsimg.com/blobby/go/86e9415a-8e94-4ab8-b9dd-3ce3141ddc41/gpub/5dc95a05cf816b17/script.js]
[img1.wsimg.com/blobby/go/86e9415a-8e94-4ab8-b9dd-3ce3141ddc41/gpub/a661de7fcd8e1403/script.js]
[trineksgroup.com/coaxial-u-link-switches.html]
[img1.wsimg.com/blobby/go/86e9415a-8e94-4ab8-b9dd-3ce3141ddc41/gpub/47f00c4f577e9731/script.js]
[img1.wsimg.com/blobby/go/86e9415a-8e94-4ab8-b9dd-3ce3141ddc41/gpub/21384bee87d8a474/script.js]
[trineksgroup.com/adapters.html]
[img1.wsimg.com/blobby/go/86e9415a-8e94-4ab8-b9dd-3ce3141ddc41/gpub/f2bc58cb6262fdb2/script.js]
[img1.wsimg.com/blobby/go/86e9415a-8e94-4ab8-b9dd-3ce3141ddc41/gpub/364ccfd3033167d8/script.js]
[trineksgroup.com/19_-control-panels.html]
[img1.wsimg.com/blobby/go/86e9415a-8e94-4ab8-b9dd-3ce3141ddc41/gpub/72a664b43b649ed6/script.js]
[img1.wsimg.com/blobby/go/86e9415a-8e94-4ab8-b9dd-3ce3141ddc41/gpub/c7745b4831b5248d/script.js]
[trineksgroup.com/coaxial-matrix-systems.html]
[img1.wsimg.com/blobby/go/86e9415a-8e94-4ab8-b9dd-3ce3141ddc41/gpub/f0beb219f374bb1f/script.js]
[img1.wsimg.com/blobby/go/86e9415a-8e94-4ab8-b9dd-3ce3141ddc41/gpub/d4fa11e26e7c1e72/script.js]
[img1.wsimg.com/ceph-p3-01/website-builder-data-prod/static/widgets/UX.4.33.1.js]
[trineksgroup.com/downloads.html]
[img1.wsimg.com/blobby/go/86e9415a-8e94-4ab8-b9dd-3ce3141ddc41/gpub/e17b813c0d6ac1b7/script.js]
[img1.wsimg.com/blobby/go/86e9415a-8e94-4ab8-b9dd-3ce3141ddc41/gpub/3238759b6addb660/script.js]
[trineksgroup.com/videos.html]
[img1.wsimg.com/blobby/go/86e9415a-8e94-4ab8-b9dd-3ce3141ddc41/gpub/92b4e604f04dd387/script.js]
[img1.wsimg.com/blobby/go/86e9415a-8e94-4ab8-b9dd-3ce3141ddc41/gpub/405aa9140e8a5b68/script.js]
[trineksgroup.com/gallery.html]
[img1.wsimg.com/blobby/go/86e9415a-8e94-4ab8-b9dd-3ce3141ddc41/gpub/612c237694271b8a/script.js]
[img1.wsimg.com/blobby/go/86e9415a-8e94-4ab8-b9dd-3ce3141ddc41/gpub/afcbc074dbb73be9/script.js]
[trineksgroup.com/about-us.html]
[img1.wsimg.com/blobby/go/86e9415a-8e94-4ab8-b9dd-3ce3141ddc41/gpub/4d994599b8eb4d0b/script.js]
[img1.wsimg.com/blobby/go/86e9415a-8e94-4ab8-b9dd-3ce3141ddc41/gpub/5e65a78b312e6d19/script.js]
[trineksgroup.com/contact.html]
[img1.wsimg.com/blobby/go/86e9415a-8e94-4ab8-b9dd-3ce3141ddc41/gpub/69236afd9cbfe290/script.js]
[img1.wsimg.com/blobby/go/86e9415a-8e94-4ab8-b9dd-3ce3141ddc41/gpub/1a12c4acb288d900/script.js]
[trineksgroup.com/privacy-policy.html]
[img1.wsimg.com/poly/v3/polyfill.min0b31.html]
[img1.wsimg.com/blobby/go/86e9415a-8e94-4ab8-b9dd-3ce3141ddc41/gpub/4516d75b5b00d079/script.js]
[img1.wsimg.com/blobby/go/86e9415a-8e94-4ab8-b9dd-3ce3141ddc41/gpub/bc8eaf9e047328d2/script.js]
